<?xml version="1.0" encoding="UTF-8"?>
<!-- Generated by org.testng.reporters.JUnitXMLReporter -->
<testsuite ignored="0" hostname="URNA" failures="1" tests="1" name="Test" time="5.683" errors="0" timestamp="2025-06-08T22:15:57 IST">
  <testcase classname="test.prac_1" name="action" time="2.646">
    <failure type="java.lang.AssertionError" message="expected [2730] but found []">
      <![CDATA[java.lang.AssertionError: expected [2730] but found []
at test.prac_1.action(prac_1.java:42)
at java.base/java.util.ArrayList.forEach(ArrayList.java:1597)
... Removed 31 stack frames]]>
    </failure>
  </testcase> <!-- action -->
</testsuite> <!-- Test -->
